<?xml version="1.0" encoding="UTF-8"?>
<!-- Generated by org.testng.reporters.JUnitReportReporter -->
<testsuite hostname="EC2AMAZ-76MD7JR" failures="0" tests="1" name="com.bayada.testcases.FormNEIR_PageTest" time="69.045" errors="0" timestamp="2021-07-27T12:46:28 EDT" skipped="0">
  <testcase classname="com.bayada.testcases.FormNEIR_PageTest" name="formTest" time="69.045"/>
  <system-out/>
</testsuite> <!-- com.bayada.testcases.FormNEIR_PageTest -->
