<?xml version="1.0" encoding="UTF-8"?>
<!-- Generated by org.testng.reporters.JUnitReportReporter -->
<testsuite hostname="EC2AMAZ-76MD7JR" failures="0" tests="1" name="com.bayada.testcases.LoginPageTest" time="14.077" errors="0" timestamp="2021-07-25T23:09:14 EDT" skipped="0">
  <testcase classname="com.bayada.testcases.LoginPageTest" name="loginTest" time="14.077"/>
  <system-out/>
</testsuite> <!-- com.bayada.testcases.LoginPageTest -->
