<?xml version="1.0" encoding="UTF-8"?>
<!-- Generated by org.testng.reporters.JUnitReportReporter -->
<testsuite hostname="EC2AMAZ-76MD7JR" failures="0" tests="1" name="com.bayada.testcases.NHMP_Email_HomePageTest" time="60.715" errors="0" timestamp="2021-07-25T22:31:52 EDT" skipped="0">
  <testcase classname="com.bayada.testcases.NHMP_Email_HomePageTest" name="loginTest" time="60.715"/>
  <system-out/>
</testsuite> <!-- com.bayada.testcases.NHMP_Email_HomePageTest -->
