<?xml version="1.0" encoding="UTF-8"?>
<!-- Generated by org.testng.reporters.JUnitReportReporter -->
<testsuite hostname="EC2AMAZ-76MD7JR" failures="0" tests="1" name="com.bayada.testcases.EmailNEIR_PageTest" time="0.000" errors="0" timestamp="2021-07-26T23:07:28 EDT" skipped="1">
  <testcase classname="com.bayada.testcases.EmailNEIR_PageTest" name="EmailNeirTest" time="0.000">
    <skipped/>
  </testcase> <!-- EmailNeirTest -->
  <system-out/>
</testsuite> <!-- com.bayada.testcases.EmailNEIR_PageTest -->
